[2m1:09:12 AM[22m [31m[1m[vite][22m[39m [31m[2m(client)[22m[39m [31m[Unhandled error] [1mTypeError[22m: Cannot read properties of null (reading 'socialLinks')
[39m > src/pages/AdminDashboard.jsx:208:32
    206 |      setSiteSettings((current) => ({
    207 |        ...current,
    208 |        socialLinks: [...(current.socialLinks || []), { label: 'Instagram', url: '' }],
        |                                  ^
    209 |      }))
    210 |    }
 > basicStateReducer node_modules/react-dom/cjs/react-dom-client.development.js:7935:44
 > updateReducerImpl node_modules/react-dom/cjs/react-dom-client.development.js:8045:14
 > updateReducer node_modules/react-dom/cjs/react-dom-client.development.js:7968:13
 > Object.useState node_modules/react-dom/cjs/react-dom-client.development.js:26511:17
 > exports.useState node_modules/react/cjs/react.development.js:1263:33
 > AdminDashboard src/pages/AdminDashboard.jsx:43:42
 > Object.react_stack_bottom_frame node_modules/react-dom/cjs/react-dom-client.development.js:25904:19
 > renderWithHooks node_modules/react-dom/cjs/react-dom-client.development.js:7662:21
 > updateFunctionComponent node_modules/react-dom/cjs/react-dom-client.development.js:10166:18

[2m1:09:12 AM[22m [33m[1m[vite][22m[39m [33m[2m(client)[22m[39m [2m[console.warn] [22mAn error occurred in the <AdminDashboard> component.

Consider adding an error boundary to your tree to customize error handling behavior.
Visit https://react.dev/link/error-boundaries to learn more about error boundaries.

[2m1:15:52 AM[22m [31m[1m[vite][22m[39m [31mhttp proxy error: /api/site-settings[39m
AggregateError [ECONNREFUSED]: 
    at internalConnectMultiple (node:net:1142:49)
    at afterConnectMultiple (node:net:1723:7)
